S D:\androidprojects\YtReactNative> ^C
PS D:\androidprojects\YtReactNative> npx react-native run-android
info Launching emulator...
info Successfully launched emulator.
info Installing the app...
Starting a Gradle Daemon, 5 stopped Daemons could not be reused, use --status for details

> Configure project :app
WARNING: DSL element 'isRenderscriptDebuggable' is obsolete and should be removed.
It will be removed in version 9.0 of the Android Gradle plugin.

[Incubating] Problems report is available at: file:///D:/androidprojects/YtReactNative/android/build/reports/problems/problems-report.htm 

Deprecated Gradle features were used in this build, making it incompatible with Gradle 9.0.

You can use '--warning-mode all' to show the individual deprecation warnings and determine if they come from your own scripts or plugins. 

For more on this, please refer to https://docs.gradle.org/8.14.3/userguide/command_line_interface.html#sec:command_line_warnings in the Gradle documentation.
10 actionable tasks: 10 up-to-date

info ðŸ’¡ Tip: Make sure that you have set up your development environment correctly, by running npx react-native doctor. To read more about doctor command visit: https://github.com/react-native-community/cli/blob/main/packages/cli-doctor/README.md#doctor 


FAILURE: Build failed with an exception.

* Where:
Build file 'D:\androidprojects\YtReactNative\android\app\build.gradle' line: 110

* What went wrong:
A problem occurred evaluating project ':app'.
> Could not find method isNewArchitectureEnabled() for arguments [] on BuildType$AgpDecorated_Decorated{name=debug, debuggable=true, testCoverageEnabled=false, jniDebuggable=false, pseudoLocalesEnabled=false, renderscriptDebuggable=false, renderscriptOptimLevel=3, minifyEnabled=false, zipAlignEnabled=true, signingConfig=SigningConfig$AgpDecorated_Decorated{name=debug, storeFile=D:\androidprojects\YtReactNative\android\app\debug.keystore, storePassword=android, keyAlias=androiddebugkey, keyPassword=android, storeType=pkcs12, v1SigningEnabled=true, v2SigningEnabled=true, enableV1Signing=null, enableV2Signing=null, enableV3Signing=null, enableV4Signing=null}, embedMicroApp=false, mBuildConfigFields={}, mResValues={}, mProguardFiles=[], mConsumerProguardFiles=[], mManifestPlaceholders={}} of type com.android.build.gradle.internal.dsl.BuildType$AgpDecorated.

* Try:
> Run with --stacktrace option to get the stack trace.
> Run with --info or --debug option to get more log output.
> Run with --scan to get full insights.
> Get more help at https://help.gradle.org.

BUILD FAILED in 20s
error Failed to install the app. Command failed with exit code 1: gradlew.bat app:installDebug -PreactNativeDevServerPort=8081 FAILURE: Build failed with an exception. * Where: Build file 'D:\androidprojects\YtReactNative\android\app\build.gradle' line: 110 * What went wrong: A problem occurred evaluating project ':app'. > Could not find method isNewArchitectureEnabled() for arguments [] on BuildType$AgpDecorated_Decorated{name=debug, debuggable=true, testCoverageEnabled=false, jniDebuggable=false, pseudoLocalesEnabled=false, renderscriptDebuggable=false, renderscriptOptimLevel=3, minifyEnabled=false, zipAlignEnabled=true, signingConfig=SigningConfig$AgpDecorated_Decorated{name=debug, storeFile=D:\androidprojects\YtReactNative\android\app\debug.keystore, storePassword=android, keyAlias=androiddebugkey, keyPassword=android, storeType=pkcs12, v1SigningEnabled=true, v2SigningEnabled=true, enableV1Signing=null, enableV2Signing=null, enableV3Signing=null, enableV4Signing=null}, embedMicroApp=false, mBuildConfigFields={}, mResValues={}, mProguardFiles=[], mConsumerProguardFiles=[], mManifestPlaceholders={}} of type com.android.build.gradle.internal.dsl.BuildType$AgpDecorated. * Try: > Run with --stacktrace option to get the stack trace. > Run with --info or --debug option to get more log output. > Run with --scan to get full insights. > Get more help at https://help.gradle.org. BUILD FAILED in 20s.
PS D:\androidprojects\YtReactNative> 